<?xml version="1.0" encoding="UTF-8"?>
<testsuite xmlns:xsi="http://www.w3.org/2001/XMLSchema-instance" xsi:noNamespaceSchemaLocation="https://maven.apache.org/surefire/maven-surefire-plugin/xsd/surefire-test-report.xsd" name="com.example.FinalprojectSpringbootApplicationTests" time="5.275" tests="3" errors="0" skipped="0" failures="0">
  <properties>
[...]
</properties>
  <testcase name="redisTemplate" classname="com.example.FinalprojectSpringbootApplicationTests" time="1.523"/>
  <testcase name="jwt01" classname="com.example.FinalprojectSpringbootApplicationTests" time="0.053"/>
  <testcase name="redisUtil" classname="com.example.FinalprojectSpringbootApplicationTests" time="0.068"/>
</testsuite>